# JRE version: Java(TM) SE Runtime Environment (8.0_431) (build 1.8.0_431-b10)
# Java VM: Java HotSpot(TM) 64-Bit Server VM (25.431-b10 mixed mode windows-amd64 compressed oops)
Heap:
 PSYoungGen      total 76288K, used 40664K [0x00000000f5580000, 0x00000000faa80000, 0x0000000100000000)
  eden space 65536K, 62% used [0x00000000f5580000,0x00000000f7d36020,0x00000000f9580000)
  from space 10752K, 0% used [0x00000000f9580000,0x00000000f9580000,0x00000000fa000000)
  to   space 10752K, 0% used [0x00000000fa000000,0x00000000fa000000,0x00000000faa80000)
 ParOldGen       total 175104K, used 18676K [0x00000000e0000000, 0x00000000eab00000, 0x00000000f5580000)
  object space 175104K, 10% used [0x00000000e0000000,0x00000000e123d078,0x00000000eab00000)
 Metaspace       used 37593K, capacity 39742K, committed 39936K, reserved 419840K
  class space    used 5376K, capacity 5810K, committed 5888K, reserved 385024K
GC Heap History (10 events):
Event: 2.682 GC heap before
{Heap before GC invocations=5 (full 1):
 PSYoungGen      total 76288K, used 9637K [0x00000000f5580000, 0x00000000faa80000, 0x0000000100000000)
  eden space 65536K, 0% used [0x00000000f5580000,0x00000000f5580000,0x00000000f9580000)
  from space 10752K, 89% used [0x00000000fa000000,0x00000000fa969788,0x00000000faa80000)
  to   space 10752K, 0% used [0x00000000f9580000,0x00000000f9580000,0x00000000fa000000)
 ParOldGen       total 175104K, used 394K [0x00000000e0000000, 0x00000000eab00000, 0x00000000f5580000)
  object space 175104K, 0% used [0x00000000e0000000,0x00000000e0062b80,0x00000000eab00000)
 Metaspace       used 20248K, capacity 21210K, committed 21296K, reserved 403456K
  class space    used 2943K, capacity 3177K, committed 3200K, reserved 385024K
Event: 2.708 GC heap after
Heap after GC invocations=5 (full 1):
 PSYoungGen      total 76288K, used 0K [0x00000000f5580000, 0x00000000faa80000, 0x0000000100000000)
  eden space 65536K, 0% used [0x00000000f5580000,0x00000000f5580000,0x00000000f9580000)
  from space 10752K, 0% used [0x00000000fa000000,0x00000000fa000000,0x00000000faa80000)
  to   space 10752K, 0% used [0x00000000f9580000,0x00000000f9580000,0x00000000fa000000)
 ParOldGen       total 175104K, used 9330K [0x00000000e0000000, 0x00000000eab00000, 0x00000000f5580000)
  object space 175104K, 5% used [0x00000000e0000000,0x00000000e091c8e8,0x00000000eab00000)
 Metaspace       used 20248K, capacity 21210K, committed 21296K, reserved 403456K
  class space    used 2943K, capacity 3177K, committed 3200K, reserved 385024K
}
Event: 3.054 GC heap before
{Heap before GC invocations=6 (full 1):
 PSYoungGen      total 76288K, used 65536K [0x00000000f5580000, 0x00000000faa80000, 0x0000000100000000)
  eden space 65536K, 100% used [0x00000000f5580000,0x00000000f9580000,0x00000000f9580000)
  from space 10752K, 0% used [0x00000000fa000000,0x00000000fa000000,0x00000000faa80000)
  to   space 10752K, 0% used [0x00000000f9580000,0x00000000f9580000,0x00000000fa000000)
 ParOldGen       total 175104K, used 9330K [0x00000000e0000000, 0x00000000eab00000, 0x00000000f5580000)
  object space 175104K, 5% used [0x00000000e0000000,0x00000000e091c8e8,0x00000000eab00000)
 Metaspace       used 23855K, capacity 25128K, committed 25472K, reserved 407552K
  class space    used 3576K, capacity 3862K, committed 3968K, reserved 385024K
Event: 3.058 GC heap after
Heap after GC invocations=6 (full 1):
 PSYoungGen      total 76288K, used 5580K [0x00000000f5580000, 0x00000000faa80000, 0x0000000100000000)
  eden space 65536K, 0% used [0x00000000f5580000,0x00000000f5580000,0x00000000f9580000)
  from space 10752K, 51% used [0x00000000f9580000,0x00000000f9af31b0,0x00000000fa000000)
  to   space 10752K, 0% used [0x00000000fa000000,0x00000000fa000000,0x00000000faa80000)
 ParOldGen       total 175104K, used 9338K [0x00000000e0000000, 0x00000000eab00000, 0x00000000f5580000)
  object space 175104K, 5% used [0x00000000e0000000,0x00000000e091e8e8,0x00000000eab00000)
 Metaspace       used 23855K, capacity 25128K, committed 25472K, reserved 407552K
  class space    used 3576K, capacity 3862K, committed 3968K, reserved 385024K
}
Event: 3.469 GC heap before
{Heap before GC invocations=7 (full 1):
 PSYoungGen      total 76288K, used 71116K [0x00000000f5580000, 0x00000000faa80000, 0x0000000100000000)
  eden space 65536K, 100% used [0x00000000f5580000,0x00000000f9580000,0x00000000f9580000)
  from space 10752K, 51% used [0x00000000f9580000,0x00000000f9af31b0,0x00000000fa000000)
  to   space 10752K, 0% used [0x00000000fa000000,0x00000000fa000000,0x00000000faa80000)
 ParOldGen       total 175104K, used 9338K [0x00000000e0000000, 0x00000000eab00000, 0x00000000f5580000)
  object space 175104K, 5% used [0x00000000e0000000,0x00000000e091e8e8,0x00000000eab00000)
 Metaspace       used 27607K, capacity 29230K, committed 29312K, reserved 411648K
  class space    used 4104K, capacity 4461K, committed 4480K, reserved 385024K
Event: 3.472 GC heap after
Heap after GC invocations=7 (full 1):
 PSYoungGen      total 76288K, used 7304K [0x00000000f5580000, 0x00000000faa80000, 0x0000000100000000)
  eden space 65536K, 0% used [0x00000000f5580000,0x00000000f5580000,0x00000000f9580000)
  from space 10752K, 67% used [0x00000000fa000000,0x00000000fa7223e8,0x00000000faa80000)
  to   space 10752K, 0% used [0x00000000f9580000,0x00000000f9580000,0x00000000fa000000)
 ParOldGen       total 175104K, used 9346K [0x00000000e0000000, 0x00000000eab00000, 0x00000000f5580000)
  object space 175104K, 5% used [0x00000000e0000000,0x00000000e09208e8,0x00000000eab00000)
 Metaspace       used 27607K, capacity 29230K, committed 29312K, reserved 411648K
  class space    used 4104K, capacity 4461K, committed 4480K, reserved 385024K
}
Event: 4.007 GC heap before
{Heap before GC invocations=8 (full 1):
 PSYoungGen      total 76288K, used 71356K [0x00000000f5580000, 0x00000000faa80000, 0x0000000100000000)
  eden space 65536K, 97% used [0x00000000f5580000,0x00000000f940cc40,0x00000000f9580000)
  from space 10752K, 67% used [0x00000000fa000000,0x00000000fa7223e8,0x00000000faa80000)
  to   space 10752K, 0% used [0x00000000f9580000,0x00000000f9580000,0x00000000fa000000)
 ParOldGen       total 175104K, used 9346K [0x00000000e0000000, 0x00000000eab00000, 0x00000000f5580000)
  object space 175104K, 5% used [0x00000000e0000000,0x00000000e09208e8,0x00000000eab00000)
 Metaspace       used 33444K, capacity 35434K, committed 35496K, reserved 415744K
  class space    used 4904K, capacity 5330K, committed 5376K, reserved 385024K
Event: 4.014 GC heap after
Heap after GC invocations=8 (full 1):
 PSYoungGen      total 76288K, used 10723K [0x00000000f5580000, 0x00000000faa80000, 0x0000000100000000)
  eden space 65536K, 0% used [0x00000000f5580000,0x00000000f5580000,0x00000000f9580000)
  from space 10752K, 99% used [0x00000000f9580000,0x00000000f9ff8c98,0x00000000fa000000)
  to   space 10752K, 0% used [0x00000000fa000000,0x00000000fa000000,0x00000000faa80000)
 ParOldGen       total 175104K, used 10497K [0x00000000e0000000, 0x00000000eab00000, 0x00000000f5580000)
  object space 175104K, 5% used [0x00000000e0000000,0x00000000e0a40568,0x00000000eab00000)
 Metaspace       used 33444K, capacity 35434K, committed 35496K, reserved 415744K
  class space    used 4904K, capacity 5330K, committed 5376K, reserved 385024K
}
Event: 4.014 GC heap before
{Heap before GC invocations=9 (full 2):
 PSYoungGen      total 76288K, used 10723K [0x00000000f5580000, 0x00000000faa80000, 0x0000000100000000)
  eden space 65536K, 0% used [0x00000000f5580000,0x00000000f5580000,0x00000000f9580000)
  from space 10752K, 99% used [0x00000000f9580000,0x00000000f9ff8c98,0x00000000fa000000)
  to   space 10752K, 0% used [0x00000000fa000000,0x00000000fa000000,0x00000000faa80000)
 ParOldGen       total 175104K, used 10497K [0x00000000e0000000, 0x00000000eab00000, 0x00000000f5580000)
  object space 175104K, 5% used [0x00000000e0000000,0x00000000e0a40568,0x00000000eab00000)
 Metaspace       used 33444K, capacity 35434K, committed 35496K, reserved 415744K
  class space    used 4904K, capacity 5330K, committed 5376K, reserved 385024K
Event: 4.044 GC heap after
Heap after GC invocations=9 (full 2):
 PSYoungGen      total 76288K, used 0K [0x00000000f5580000, 0x00000000faa80000, 0x0000000100000000)
  eden space 65536K, 0% used [0x00000000f5580000,0x00000000f5580000,0x00000000f9580000)
  from space 10752K, 0% used [0x00000000f9580000,0x00000000f9580000,0x00000000fa000000)
  to   space 10752K, 0% used [0x00000000fa000000,0x00000000fa000000,0x00000000faa80000)
 ParOldGen       total 175104K, used 18676K [0x00000000e0000000, 0x00000000eab00000, 0x00000000f5580000)
  object space 175104K, 10% used [0x00000000e0000000,0x00000000e123d078,0x00000000eab00000)
 Metaspace       used 33437K, capacity 35410K, committed 35496K, reserved 415744K
  class space    used 4902K, capacity 5326K, committed 5376K, reserved 385024K
}

