<?xml version="1.0" encoding="UTF-8"?>
<testsuite name="com.example.demo.DemoApplicationTests" tests="1" skipped="0" failures="0" errors="0" timestamp="2026-01-11T18:05:56" hostname="YAHIA_NASSAR" time="0.615">
  <properties/>
  <testcase name="contextLoads()" classname="com.example.demo.DemoApplicationTests" time="0.615"/>
  <system-out><![CDATA[19:05:49.664 [Test worker] INFO org.springframework.test.context.support.AnnotationConfigContextLoaderUtils -- Could not detect default configuration classes for test class [com.example.demo.DemoApplicationTests]: DemoApplicationTests does not declare any static, non-private, non-final, nested classes annotated with @Configuration.
19:05:49.830 [Test worker] INFO org.springframework.boot.test.context.SpringBootTestContextBootstrapper -- Found @SpringBootConfiguration com.example.demo.DemoApplication for test class com.example.demo.DemoApplicationTests

  .   ____          _            __ _ _
 /\\ / ___'_ __ _ _(_)_ __  __ _ \ \ \ \
( ( )\___ | '_ | '_| | '_ \/ _` | \ \ \ \
 \\/  ___)| |_)| | | | | || (_| |  ) ) ) )
  '  |____| .__|_| |_|_| |_\__, | / / / /
 =========|_|==============|___/=/_/_/_/
 :: Spring Boot ::       (v3.1.6-SNAPSHOT)

2026-01-11T19:05:50.471+01:00  INFO 19412 --- [    Test worker] com.example.demo.DemoApplicationTests    : Starting DemoApplicationTests using Java 21.0.9 with PID 19412 (started by nassa in C:\demo_project_database)
2026-01-11T19:05:50.474+01:00  INFO 19412 --- [    Test worker] com.example.demo.DemoApplicationTests    : No active profile set, falling back to 1 default profile: "default"
2026-01-11T19:05:51.438+01:00  INFO 19412 --- [    Test worker] .s.d.r.c.RepositoryConfigurationDelegate : Bootstrapping Spring Data JPA repositories in DEFAULT mode.
2026-01-11T19:05:51.562+01:00  INFO 19412 --- [    Test worker] .s.d.r.c.RepositoryConfigurationDelegate : Finished Spring Data repository scanning in 111 ms. Found 3 JPA repository interfaces.
2026-01-11T19:05:52.409+01:00  INFO 19412 --- [    Test worker] o.hibernate.jpa.internal.util.LogHelper  : HHH000204: Processing PersistenceUnitInfo [name: default]
2026-01-11T19:05:52.491+01:00  INFO 19412 --- [    Test worker] org.hibernate.Version                    : HHH000412: Hibernate ORM core version 6.2.13.Final
2026-01-11T19:05:52.506+01:00  INFO 19412 --- [    Test worker] org.hibernate.cfg.Environment            : HHH000406: Using bytecode reflection optimizer
2026-01-11T19:05:53.023+01:00  INFO 19412 --- [    Test worker] o.s.o.j.p.SpringPersistenceUnitInfo      : No LoadTimeWeaver setup: ignoring JPA class transformer
2026-01-11T19:05:53.124+01:00  INFO 19412 --- [    Test worker] com.zaxxer.hikari.HikariDataSource       : HikariPool-1 - Starting...
2026-01-11T19:05:53.500+01:00  INFO 19412 --- [    Test worker] com.zaxxer.hikari.pool.HikariPool        : HikariPool-1 - Added connection conn0: url=jdbc:h2:file:./data/demo user=SA
2026-01-11T19:05:53.503+01:00  INFO 19412 --- [    Test worker] com.zaxxer.hikari.HikariDataSource       : HikariPool-1 - Start completed.
2026-01-11T19:05:53.544+01:00  WARN 19412 --- [    Test worker] org.hibernate.orm.deprecation            : HHH90000025: H2Dialect does not need to be specified explicitly using 'hibernate.dialect' (remove the property setting and it will be selected by default)
2026-01-11T19:05:54.951+01:00  INFO 19412 --- [    Test worker] o.h.e.t.j.p.i.JtaPlatformInitiator       : HHH000489: No JTA platform available (set 'hibernate.transaction.jta.platform' to enable JTA platform integration)
2026-01-11T19:05:55.072+01:00  INFO 19412 --- [    Test worker] j.LocalContainerEntityManagerFactoryBean : Initialized JPA EntityManagerFactory for persistence unit 'default'
2026-01-11T19:05:55.752+01:00  WARN 19412 --- [    Test worker] JpaBaseConfiguration$JpaWebConfiguration : spring.jpa.open-in-view is enabled by default. Therefore, database queries may be performed during view rendering. Explicitly configure spring.jpa.open-in-view to disable this warning
2026-01-11T19:05:56.191+01:00  INFO 19412 --- [    Test worker] o.s.s.web.DefaultSecurityFilterChain     : Will secure any request with [org.springframework.security.web.session.DisableEncodeUrlFilter@7e305953, org.springframework.security.web.context.request.async.WebAsyncManagerIntegrationFilter@59d7d574, org.springframework.security.web.context.SecurityContextHolderFilter@2b30b25f, org.springframework.security.web.header.HeaderWriterFilter@1acd2a14, org.springframework.security.web.authentication.logout.LogoutFilter@3a75d9a1, org.springframework.security.web.authentication.UsernamePasswordAuthenticationFilter@3390621a, org.springframework.security.web.savedrequest.RequestCacheAwareFilter@195d4780, org.springframework.security.web.servletapi.SecurityContextHolderAwareRequestFilter@36c5a4b7, org.springframework.security.web.authentication.AnonymousAuthenticationFilter@94b5fe3, org.springframework.security.web.access.ExceptionTranslationFilter@7e44f989, org.springframework.security.web.access.intercept.AuthorizationFilter@5a0b550a]
2026-01-11T19:05:56.560+01:00  INFO 19412 --- [    Test worker] o.s.b.a.h2.H2ConsoleAutoConfiguration    : H2 console available at '/h2-console'. Database available at 'jdbc:h2:file:./data/demo'
2026-01-11T19:05:56.707+01:00  INFO 19412 --- [    Test worker] com.example.demo.DemoApplicationTests    : Started DemoApplicationTests in 6.547 seconds (process running for 8.687)
]]></system-out>
  <system-err><![CDATA[WARNING: A Java agent has been loaded dynamically (C:\Users\nassa\.gradle\caches\modules-2\files-2.1\net.bytebuddy\byte-buddy-agent\1.14.10\90ed94ac044ea8953b224304c762316e91fd6b31\byte-buddy-agent-1.14.10.jar)
WARNING: If a serviceability tool is in use, please run with -XX:+EnableDynamicAgentLoading to hide this warning
WARNING: If a serviceability tool is not in use, please run with -Djdk.instrument.traceUsage for more information
WARNING: Dynamic loading of agents will be disallowed by default in a future release
]]></system-err>
</testsuite>
